           1  0.11911411937031745     
           2  -6.9514144840921818E-002
           3   3.0966139564665811E-002
           4   6.6746821427801195E-002
           5   4.3486450017993783E-002
           6  -3.4916241248371921E-002
           7   3.8340371491580899E-002
           8   5.3581761961527745E-002
           9   4.3360695325926867E-002
          10  -4.0927377335134345E-002
          11   8.0242766227129420E-002
          12   5.4770079549798234E-002
          13   1.9341019882462895E-002
          14  -8.7718726072257436E-003
          15   1.9212602484543047E-002
          16  -1.9982263297636402E-002
          17  -2.8740787182271087E-002
          18   4.3112184004281622E-002
          19  0.11289102421739559     
          20  0.11620336940026162     
          21  -4.2171159749072269E-002
          22  -2.6860943012964468E-002
          23   4.5446986527649121E-002
          24   9.1257794824208691E-002
          25  0.11417055615677765     
          26  -5.8924146425341078E-002
          27  -1.2858763077069343E-002
          28   3.3462638162573694E-002
          29   9.4349354544403883E-003
          30 -0.14609169663787980     
          31  -5.8066404317172346E-002
          32  -7.9201967387424313E-002
          33 -0.10839939397599441     
          34  -1.1931591141877373E-002
          35   4.4026591894286829E-002
          36  -4.7348155895566499E-003
          37  -8.2117683365727535E-003
          38  -5.0851328845294530E-002
          39  -7.4028380216762044E-002
          40  -8.2756989224430699E-002
          41 -0.21070214737636220     
          42  -8.3653240548312108E-002
          43   2.8305333304991701E-002
          44  -2.8930666511171006E-002
          45  -8.8085545229014975E-002
          46   8.0098881327423533E-003
          47  0.15016429833600684     
          48   3.2370547619697737E-002
          49 -0.11050911405707735     
          50  -8.5017034094388058E-002
          51   7.4788813251001115E-003
          52   3.1616842295121440E-002
          53   5.1585464608066352E-002
          54  -1.8819344868427127E-002
          55   6.6572761610992945E-002
          56   1.9925174986526517E-002
          57  -9.6376253524798908E-002
          58  -4.6121145928609122E-002
          59  -5.0703825558801270E-002
          60   6.5377103958965344E-002
          61 -0.10028350050929913     
          62   1.1832526031252628E-002
          63   1.5387184527017277E-002
          64  -8.4815239072966037E-002
          65   3.5407737166766567E-002
          66   7.6172842878364927E-002
          67  -9.9063804147060276E-003
          68  -8.8564357218978096E-002
          69  -2.3988966871394481E-002
          70   3.4953863103469042E-004
          71  0.11362722029826955     
          72   7.0498696234693126E-002
          73   4.3236639126734699E-002
          74   5.5589966666572954E-002
          75  0.12049111121281107     
          76  -3.6264549353058853E-002
          77  -5.8625195138970403E-002
          78  -5.4858148741655371E-002
          79   2.9840194163061749E-002
          80   8.7206300572256548E-002
          81   4.5105051561157891E-002
          82  -8.8639160807865523E-003
          83  -6.2727180838757793E-002
          84   4.3904183360779350E-002
          85   2.6276985770497065E-002
          86  -6.0547570824162671E-002
          87  -3.2358294901563209E-002
          88 -0.12127339957891527     
          89 -0.15788366317915256     
          90   3.3748438873407990E-002
          91  -2.7106008359612906E-002
          92  -5.1730644341893936E-002
          93 -0.10959632606672308     
          94  -4.9932618507953511E-002
          95   3.0633660492241963E-002
          96 -0.17379811167447665     
          97  -3.0316145363005205E-002
          98   1.4982684296957661E-002
          99   3.8604540047465025E-002
         100   6.7963153067556223E-002
         101 -0.17683889197527114     
         102 -0.15237578602104346     
         103  -4.1833050859976014E-003
         104   6.7384813070859834E-002
         105 -0.12474575583605088     
         106  -6.8437347506911772E-002
         107   3.9354528967087361E-002
         108   6.2628064412172835E-002
         109   4.4423857608937814E-002
         110  -7.2453925493169341E-002
         111  -7.0042654468196366E-002
         112  -4.5017171087530172E-002
         113 -0.17931445129441867     
         114 -0.20225226203274460     
         115 -0.10657078552556201     
         116   9.1225770954337111E-003
         117  -7.1393660089471830E-002
         118  -6.8243234906585362E-002
         119   5.6807978285192767E-002
         120   3.0775250359214462E-003
         121  -2.0751794424031890E-002
         122  -8.4093269517566988E-002
         123   2.3253528057887326E-002
         124  -2.5597331713858480E-002
         125  -4.5751724198451534E-002
         126  -8.8941454100756254E-002
         127  0.18448899604447286     
         128  0.23306969719713888     
         129   9.3346907564672288E-002
         130  -2.9914033502068674E-002
         131  -5.3225039448842264E-002
         132  0.16928465131374507     
         133   1.2034016363548436E-002
         134   8.6778352471799339E-002
         135  0.13598468502431874     
         136 -0.21304002667899208     
         137  -3.3518440247304007E-002
         138  -4.1522311153972265E-002
         139  -7.4383691217202799E-002
         140   5.5109432667890951E-002
         141  -3.0799461988702790E-002
         142  -9.1657622880749745E-002
         143   9.9238060668369779E-002
         144   9.7727595658094524E-002
         145   8.2896714986999284E-002
         146  0.21705460629530390     
         147   6.7155694254848021E-003
         148  -6.5396324977197370E-002
         149 -0.13041431093134120     
         150   8.7165381344332590E-002
         151   1.0669954494074305E-002
         152  0.15924348851875486     
         153   8.4617009016026257E-002
         154  -5.5311286534462108E-002
         155  0.11533726947128214     
         156   3.1639559391674881E-003
         157   3.2452158794532976E-002
         158  -1.6008647735712346E-002
         159  0.16898843224685720     
         160   5.0385576059001201E-002
         161 -0.26005277719115433     
         162 -0.13464329510599377     
         163  0.22118139146524385     
         164   2.1453948370406102E-002
         165  -9.9490196395848329E-002
         166   4.3329793169231384E-002
         167 -0.10952767394810281     
         168 -0.12624754998115489     
         169  -2.4181474708790195E-002
         170   1.4019484513455671E-002
         171   9.5420254656190351E-004
         172  -3.5216969863157296E-002
         173  -9.1530511869238870E-002
         174  0.24554655115979079     
         175  0.11525562015736268     
         176  -9.3818209807311204E-002
         177  0.10546005736025425     
         178  0.20001633874456037     
         179   2.6207893398235559E-002
         180   8.3962472514095207E-003
         181   2.8066444414545613E-002
         182   5.3994524410915262E-002
         183  -6.2902325512891599E-002
         184  -8.5235255761801729E-002
         185  -7.9445794637591285E-002
         186 -0.14408312909175508     
         187  -1.8798062606152577E-002
         188   4.4586250151747463E-002
         189 -0.14103804078469856     
         190  -7.6222720663757113E-002
         191 -0.19506176002378720     
         192   7.5691814339761188E-002
         193 -0.18096740676841855     
         194   5.8274756146045728E-002
         195  0.10705147071680193     
         196  -2.4436636948665311E-002
         197  0.10490422132125089     
         198  0.22961131243121810     
         199   5.9336926677759139E-002
         200   1.6657772899233091E-003
