-0.10397718891E+01
-0.28939396498E+01
0.17393550965E+01
-0.61110478647E+00
-0.14075142722E+01
0.45109687094E+00
0.39331356740E+00
-0.31941518694E+01
-0.28990374079E+01
-0.80186222888E+00
0.12689464917E+00
0.18968582519E+00
-0.88898644854E+00
-0.16503497854E+00
-0.49811709415E+00
-0.16156167420E+01
-0.11942042185E+01
0.37741930674E-01
-0.13522691657E+00
-0.29151080985E+01
0.77768601935E+00
-0.13380094667E+01
-0.17362927353E+01
0.12094263251E+01
-0.33926381939E+00
0.66407049611E+00
0.18795839239E+01
0.10299188304E+01
-0.38856346316E+00
-0.29043946924E+01
-0.52386321710E-01
0.34912144890E+00
-0.12185754485E+01
-0.13786921214E+01
-0.21358660200E+01
-0.12739561245E+00
-0.70783789128E+00
-0.23477739837E+01
-0.26102300471E+01
-0.49794305959E+00
-0.46349115396E+00
-0.15265111553E+00
-0.87097605204E+00
-0.11769419353E+01
-0.11891879960E+01
0.15737014862E+01
0.18314791884E+01
-0.25372669126E+01
-0.43757056239E+01
-0.39166008861E+00
-0.11073048849E+01
-0.17101726549E+01
-0.95748162539E+00
-0.21616885982E+01
-0.18083760078E+01
0.16052362418E+00
-0.67962113588E+00
-0.46818574326E-01
-0.18274695063E+01
-0.25403208196E+01
-0.48203631364E+00
-0.13706355599E+01
-0.91734030959E+00
-0.18992659383E+00
-0.18364727090E+01
-0.11368410617E+01
-0.12692166303E+01
-0.31150385880E+01
-0.10414837373E+01
0.12148359925E+01
0.19440253297E+00
-0.12825660835E+00
-0.99209393382E+00
-0.14305629410E+01
-0.25192932099E+01
-0.14472898834E+01
-0.50162415916E+00
0.32379514768E+00
-0.14820986815E+01
0.19508860346E+01
0.18662788759E+01
-0.10851953377E+01
-0.86633454738E-01
-0.12267217075E+00
-0.16645818968E+01
-0.28187749531E+01
-0.22822119351E+01
-0.14022658771E+01
-0.38171185444E+00
-0.39267742326E+00
-0.36253968152E+00
-0.14052783857E+01
0.36830942102E+00
-0.24198308242E+00
0.74885633881E+00
-0.16084337552E+01
-0.60964542179E+00
0.54331287575E+00
0.11730630396E+01
0.20079591605E+00
-0.64027785660E+00
0.23746452826E+00
-0.18494280449E+01
-0.15742341214E+01
-0.11979051800E+01
0.80997854324E+00
0.25852020765E+00
-0.18530859825E+01
-0.13073166128E+01
-0.21627144370E+01
-0.45747136095E+00
0.73094122745E-01
-0.18963164194E+01
-0.14295711635E+01
-0.14455335871E+01
-0.15717071062E+01
-0.15253411542E+01
0.59054313041E+00
0.20211193716E+01
-0.25331595345E+01
-0.15868885261E+01
-0.15321360978E+00
-0.76150210443E+00
-0.70266172090E+00
-0.38698075693E+01
0.13849716186E+01
0.26859678306E-01
-0.11974743788E+01
-0.26699745314E+01
-0.15007379130E+01
0.22176934636E+01
-0.80260894658E+00
-0.85689090782E+00
-0.17064446588E+01
0.16605972977E+01
-0.24236253681E+01
-0.15849745998E+01
0.32357682337E+00
-0.11514736068E+01
-0.50958028937E+00
-0.12022162216E+01
-0.14488252407E+01
0.57224717233E+00
0.29554262174E+00
-0.15527260035E+00
0.19708435061E+01
-0.72928326606E+00
-0.25871633661E+01
-0.91224265759E+00
-0.13041534934E+01
0.20583518102E+01
-0.12123499428E+01
0.26204867164E+01
0.10159403708E+01
0.51726779699E+00
0.23513720564E+01
-0.58348886342E+00
0.69547371885E+00
-0.40576144605E+00
-0.42049892414E-02
-0.49117419918E+00
0.16607166256E+01
-0.36464477397E+00
-0.14904947801E+00
0.27366735852E+00
0.30156366936E+00
-0.10896871357E+01
-0.20603352491E+01
0.10869143927E+01
0.18945619205E+00
0.91579177236E+00
-0.26455437032E+01
-0.35095424277E+00
0.23204562029E+01
0.23621150681E+00
-0.16669919442E+01
0.83797401813E+00
0.92578123031E+00
-0.15051903074E+00
0.50031201017E+00
0.78771313087E-01
-0.68631740743E+00
-0.26311611123E+01
-0.57647658253E+00
-0.10889086341E+01
-0.93780627124E+00
-0.13308563494E+01
-0.84201467506E+00
-0.15029063852E+01
-0.76343289928E+00
0.44999614215E+00
-0.13630369315E+01
0.35102986242E+00
-0.30569966244E+01
-0.32032694807E+01
-0.19121829853E+01
0.26005489668E+00
-0.25446035042E+00
0.10612440107E+01
-0.12493183958E+01
0.11735658358E+01
0.17831019281E+00
-0.15506504035E+00
-0.65011630447E+00
-0.72508914881E+00
0.33635429575E+00
-0.10789768171E+01
-0.24122166844E+01
-0.54478250021E-01
0.42903209934E+00
-0.24013104194E+01
-0.25660912624E+01
-0.16614301906E+01
-0.20718731092E+01
-0.14349622304E+01
0.16728566558E+01
-0.24955310079E+01
-0.58246612772E+00
-0.27804897621E+01
-0.17397990981E+01
-0.75861804740E+00
0.39694488054E+00
-0.10459638229E+01
0.12590172190E+01
0.97032387457E-01
-0.62396482587E+00
-0.73298387176E-01
0.25654458730E-01
-0.10823216085E+01
0.71870849619E-01
-0.23816231540E+01
-0.19435978696E+01
-0.66180377181E+00
-0.75739123222E+00
0.18640251143E+00
