  -4.2091296157976190        7.7273154120727008E-003
  -3.8759775995928569        1.1161677817438346E-002
  -3.5428255833880953        0.0000000000000000     
  -3.2096735671833336        4.9798254877801852E-002
  -2.8765215509785715        7.2121610512678541E-002
  -2.5433695347738094       0.19318288530181751     
  -2.2102175185690474        8.5859060134141130E-002
  -1.8770655023642857       0.13136436200523591     
  -1.5439134861595236       0.29363798565876265     
  -1.2107614699547620       0.35717369015802708     
 -0.87760945374999988       0.23782959657157091     
 -0.54445743754523779       0.33485033452315038     
 -0.21130542134047570       0.31853711309766358     
  0.12184659486428551       0.25585999919974056     
  0.45499861106904760       0.23267805296352245     
  0.78815062727380969        9.2727784944872410E-002
   1.1213026434785718       0.12621281839718745     
   1.4544546596833339        2.2323355634876692E-002
   1.7876066758880960        9.7020737951579464E-002
   2.1207586920928572        4.5505301871094798E-002
   2.4539107082976193        3.6060805256339271E-002
